# JRE version: Java(TM) SE Runtime Environment (7.0_67-b01) (build 1.7.0_67-b01)
# Java VM: Java HotSpot(TM) 64-Bit Server VM (24.65-b04 mixed mode bsd-amd64 compressed oops)
Heap
 PSYoungGen      total 445952K, used 172903K [0x00000007aaa80000, 0x00000007c8400000, 0x0000000800000000)
  eden space 408064K, 36% used [0x00000007aaa80000,0x00000007b3bc5ea8,0x00000007c3900000)
  from space 37888K, 63% used [0x00000007c5f00000,0x00000007c7693dd0,0x00000007c8400000)
  to   space 38400K, 0% used [0x00000007c3900000,0x00000007c3900000,0x00000007c5e80000)
 ParOldGen       total 174592K, used 40273K [0x0000000700000000, 0x000000070aa80000, 0x00000007aaa80000)
  object space 174592K, 23% used [0x0000000700000000,0x0000000702754698,0x000000070aa80000)
 PSPermGen       total 34816K, used 34654K [0x00000006fae00000, 0x00000006fd000000, 0x0000000700000000)
  object space 34816K, 99% used [0x00000006fae00000,0x00000006fcfd7a10,0x00000006fd000000)
GC Heap History (10 events):
Event: 5.327 GC heap before
{Heap before GC invocations=6 (full 0):
 PSYoungGen      total 76800K, used 76770K [0x00000007aaa80000, 0x00000007b6080000, 0x0000000800000000)
  eden space 66048K, 100% used [0x00000007aaa80000,0x00000007aeb00000,0x00000007aeb00000)
  from space 10752K, 99% used [0x00000007aeb00000,0x00000007af578830,0x00000007af580000)
  to   space 27136K, 0% used [0x00000007b4600000,0x00000007b4600000,0x00000007b6080000)
 ParOldGen       total 174592K, used 24257K [0x0000000700000000, 0x000000070aa80000, 0x00000007aaa80000)
  object space 174592K, 13% used [0x0000000700000000,0x00000007017b07b8,0x000000070aa80000)
 PSPermGen       total 21504K, used 19242K [0x00000006fae00000, 0x00000006fc300000, 0x0000000700000000)
  object space 21504K, 89% used [0x00000006fae00000,0x00000006fc0cab68,0x00000006fc300000)
Event: 5.353 GC heap after
Heap after GC invocations=6 (full 0):
 PSYoungGen      total 154624K, used 25729K [0x00000007aaa80000, 0x00000007b6980000, 0x0000000800000000)
  eden space 127488K, 0% used [0x00000007aaa80000,0x00000007aaa80000,0x00000007b2700000)
  from space 27136K, 94% used [0x00000007b4600000,0x00000007b5f206d0,0x00000007b6080000)
  to   space 31744K, 0% used [0x00000007b2700000,0x00000007b2700000,0x00000007b4600000)
 ParOldGen       total 174592K, used 24265K [0x0000000700000000, 0x000000070aa80000, 0x00000007aaa80000)
  object space 174592K, 13% used [0x0000000700000000,0x00000007017b27b8,0x000000070aa80000)
 PSPermGen       total 21504K, used 19242K [0x00000006fae00000, 0x00000006fc300000, 0x0000000700000000)
  object space 21504K, 89% used [0x00000006fae00000,0x00000006fc0cab68,0x00000006fc300000)
}
Event: 6.267 GC heap before
{Heap before GC invocations=7 (full 0):
 PSYoungGen      total 154624K, used 153217K [0x00000007aaa80000, 0x00000007b6980000, 0x0000000800000000)
  eden space 127488K, 100% used [0x00000007aaa80000,0x00000007b2700000,0x00000007b2700000)
  from space 27136K, 94% used [0x00000007b4600000,0x00000007b5f206d0,0x00000007b6080000)
  to   space 31744K, 0% used [0x00000007b2700000,0x00000007b2700000,0x00000007b4600000)
 ParOldGen       total 174592K, used 24265K [0x0000000700000000, 0x000000070aa80000, 0x00000007aaa80000)
  object space 174592K, 13% used [0x0000000700000000,0x00000007017b27b8,0x000000070aa80000)
 PSPermGen       total 21504K, used 19251K [0x00000006fae00000, 0x00000006fc300000, 0x0000000700000000)
  object space 21504K, 89% used [0x00000006fae00000,0x00000006fc0ccfc8,0x00000006fc300000)
Event: 6.311 GC heap after
Heap after GC invocations=7 (full 0):
 PSYoungGen      total 159232K, used 31731K [0x00000007aaa80000, 0x00000007bf580000, 0x0000000800000000)
  eden space 127488K, 0% used [0x00000007aaa80000,0x00000007aaa80000,0x00000007b2700000)
  from space 31744K, 99% used [0x00000007b2700000,0x00000007b45fcf38,0x00000007b4600000)
  to   space 41984K, 0% used [0x00000007bcc80000,0x00000007bcc80000,0x00000007bf580000)
 ParOldGen       total 174592K, used 33808K [0x0000000700000000, 0x000000070aa80000, 0x00000007aaa80000)
  object space 174592K, 19% used [0x0000000700000000,0x0000000702104208,0x000000070aa80000)
 PSPermGen       total 21504K, used 19251K [0x00000006fae00000, 0x00000006fc300000, 0x0000000700000000)
  object space 21504K, 89% used [0x00000006fae00000,0x00000006fc0ccfc8,0x00000006fc300000)
}
Event: 7.685 GC heap before
{Heap before GC invocations=8 (full 0):
 PSYoungGen      total 159232K, used 159219K [0x00000007aaa80000, 0x00000007bf580000, 0x0000000800000000)
  eden space 127488K, 100% used [0x00000007aaa80000,0x00000007b2700000,0x00000007b2700000)
  from space 31744K, 99% used [0x00000007b2700000,0x00000007b45fcf38,0x00000007b4600000)
  to   space 41984K, 0% used [0x00000007bcc80000,0x00000007bcc80000,0x00000007bf580000)
 ParOldGen       total 174592K, used 33808K [0x0000000700000000, 0x000000070aa80000, 0x00000007aaa80000)
  object space 174592K, 19% used [0x0000000700000000,0x0000000702104208,0x000000070aa80000)
 PSPermGen       total 26624K, used 26587K [0x00000006fae00000, 0x00000006fc800000, 0x0000000700000000)
  object space 26624K, 99% used [0x00000006fae00000,0x00000006fc7f6c70,0x00000006fc800000)
Event: 7.712 GC heap after
Heap after GC invocations=8 (full 0):
 PSYoungGen      total 292864K, used 20881K [0x00000007aaa80000, 0x00000007bf180000, 0x0000000800000000)
  eden space 254976K, 0% used [0x00000007aaa80000,0x00000007aaa80000,0x00000007ba380000)
  from space 37888K, 55% used [0x00000007bcc80000,0x00000007be0e4760,0x00000007bf180000)
  to   space 39936K, 0% used [0x00000007ba380000,0x00000007ba380000,0x00000007bca80000)
 ParOldGen       total 174592K, used 37928K [0x0000000700000000, 0x000000070aa80000, 0x00000007aaa80000)
  object space 174592K, 21% used [0x0000000700000000,0x000000070250a348,0x000000070aa80000)
 PSPermGen       total 26624K, used 26587K [0x00000006fae00000, 0x00000006fc800000, 0x0000000700000000)
  object space 26624K, 99% used [0x00000006fae00000,0x00000006fc7f6c70,0x00000006fc800000)
}
Event: 421.634 GC heap before
{Heap before GC invocations=9 (full 0):
 PSYoungGen      total 292864K, used 275857K [0x00000007aaa80000, 0x00000007bf180000, 0x0000000800000000)
  eden space 254976K, 100% used [0x00000007aaa80000,0x00000007ba380000,0x00000007ba380000)
  from space 37888K, 55% used [0x00000007bcc80000,0x00000007be0e4760,0x00000007bf180000)
  to   space 39936K, 0% used [0x00000007ba380000,0x00000007ba380000,0x00000007bca80000)
 ParOldGen       total 174592K, used 37928K [0x0000000700000000, 0x000000070aa80000, 0x00000007aaa80000)
  object space 174592K, 21% used [0x0000000700000000,0x000000070250a348,0x000000070aa80000)
 PSPermGen       total 34816K, used 34443K [0x00000006fae00000, 0x00000006fd000000, 0x0000000700000000)
  object space 34816K, 98% used [0x00000006fae00000,0x00000006fcfa2d70,0x00000006fd000000)
Event: 421.655 GC heap after
Heap after GC invocations=9 (full 0):
 PSYoungGen      total 294912K, used 23781K [0x00000007aaa80000, 0x00000007c8500000, 0x0000000800000000)
  eden space 254976K, 0% used [0x00000007aaa80000,0x00000007aaa80000,0x00000007ba380000)
  from space 39936K, 59% used [0x00000007ba380000,0x00000007bbab9638,0x00000007bca80000)
  to   space 38912K, 0% used [0x00000007c5f00000,0x00000007c5f00000,0x00000007c8500000)
 ParOldGen       total 174592K, used 38080K [0x0000000700000000, 0x000000070aa80000, 0x00000007aaa80000)
  object space 174592K, 21% used [0x0000000700000000,0x0000000702530348,0x000000070aa80000)
 PSPermGen       total 34816K, used 34443K [0x00000006fae00000, 0x00000006fd000000, 0x0000000700000000)
  object space 34816K, 98% used [0x00000006fae00000,0x00000006fcfa2d70,0x00000006fd000000)
}
Event: 1965.749 GC heap before
{Heap before GC invocations=10 (full 0):
 PSYoungGen      total 294912K, used 278757K [0x00000007aaa80000, 0x00000007c8500000, 0x0000000800000000)
  eden space 254976K, 100% used [0x00000007aaa80000,0x00000007ba380000,0x00000007ba380000)
  from space 39936K, 59% used [0x00000007ba380000,0x00000007bbab9638,0x00000007bca80000)
  to   space 38912K, 0% used [0x00000007c5f00000,0x00000007c5f00000,0x00000007c8500000)
 ParOldGen       total 174592K, used 38080K [0x0000000700000000, 0x000000070aa80000, 0x00000007aaa80000)
  object space 174592K, 21% used [0x0000000700000000,0x0000000702530348,0x000000070aa80000)
 PSPermGen       total 34816K, used 34593K [0x00000006fae00000, 0x00000006fd000000, 0x0000000700000000)
  object space 34816K, 99% used [0x00000006fae00000,0x00000006fcfc85d0,0x00000006fd000000)
Event: 1965.774 GC heap after
Heap after GC invocations=10 (full 0):
 PSYoungGen      total 445952K, used 24143K [0x00000007aaa80000, 0x00000007c8400000, 0x0000000800000000)
  eden space 408064K, 0% used [0x00000007aaa80000,0x00000007aaa80000,0x00000007c3900000)
  from space 37888K, 63% used [0x00000007c5f00000,0x00000007c7693dd0,0x00000007c8400000)
  to   space 38400K, 0% used [0x00000007c3900000,0x00000007c3900000,0x00000007c5e80000)
 ParOldGen       total 174592K, used 40273K [0x0000000700000000, 0x000000070aa80000, 0x00000007aaa80000)
  object space 174592K, 23% used [0x0000000700000000,0x0000000702754698,0x000000070aa80000)
 PSPermGen       total 34816K, used 34593K [0x00000006fae00000, 0x00000006fd000000, 0x0000000700000000)
  object space 34816K, 99% used [0x00000006fae00000,0x00000006fcfc85d0,0x00000006fd000000)
}

